2016-06-01 00:23:27,927 [Worker-4] INFO  o.e.m.c.i.p.ProjectConfigurationManager - Collecting project info '/pom.xml' D:\git_repo\WorkSpace_Eclipse\Find_MacBook\pom.xml
2016-06-01 00:23:28,861 [Worker-4] INFO  o.e.m.c.i.l.LifecycleMappingFactory - Using org.eclipse.m2e.jdt.JarLifecycleMapping lifecycle mapping for MavenProject: Home:Find_MacBook:0.0.1-SNAPSHOT @ D:\git_repo\WorkSpace_Eclipse\Find_MacBook\pom.xml.
2016-06-01 00:23:29,759 [Worker-4] INFO  o.e.m.j.i.AbstractJavaProjectConfigurator - Adding source folder /Find_MacBook/src/main/java
2016-06-01 00:23:29,767 [Worker-4] INFO  o.e.m.j.i.AbstractJavaProjectConfigurator - Adding source folder /Find_MacBook/src/test/java
2016-06-01 00:23:30,377 [Worker-4] INFO  o.e.m.c.i.p.ProjectConfigurationManager - Imported and configured 1 project(s) in 2 sec
2016-06-01 00:23:30,991 [Worker-9] INFO  o.e.m.c.i.embedder.EclipseLogger - Using 'UTF-8' encoding to copy filtered resources.
2016-06-01 00:23:30,991 [Worker-9] INFO  o.e.m.c.i.embedder.EclipseLogger - skip non existing resourceDirectory D:\git_repo\WorkSpace_Eclipse\Find_MacBook\src\main\resources
2016-06-01 00:23:30,994 [Worker-9] INFO  o.e.m.c.i.embedder.EclipseLogger - Using 'UTF-8' encoding to copy filtered resources.
2016-06-01 00:23:30,994 [Worker-9] INFO  o.e.m.c.i.embedder.EclipseLogger - skip non existing resourceDirectory D:\git_repo\WorkSpace_Eclipse\Find_MacBook\src\test\resources
2016-06-01 00:23:56,470 [Worker-10] INFO  o.e.m.c.i.embedder.EclipseLogger - Using 'UTF-8' encoding to copy filtered resources.
2016-06-01 00:23:56,470 [Worker-10] INFO  o.e.m.c.i.embedder.EclipseLogger - skip non existing resourceDirectory D:\git_repo\WorkSpace_Eclipse\Find_MacBook\src\main\resources
2016-06-01 00:23:56,471 [Worker-10] INFO  o.e.m.c.i.embedder.EclipseLogger - Using 'UTF-8' encoding to copy filtered resources.
2016-06-01 00:23:56,471 [Worker-10] INFO  o.e.m.c.i.embedder.EclipseLogger - skip non existing resourceDirectory D:\git_repo\WorkSpace_Eclipse\Find_MacBook\src\test\resources
2016-06-01 00:25:31,506 [Worker-3] INFO  o.e.m.c.i.embedder.EclipseLogger - Using 'UTF-8' encoding to copy filtered resources.
2016-06-01 00:25:31,506 [Worker-3] INFO  o.e.m.c.i.embedder.EclipseLogger - skip non existing resourceDirectory D:\git_repo\WorkSpace_Eclipse\Find_MacBook\src\main\resources
2016-06-01 00:25:31,507 [Worker-3] INFO  o.e.m.c.i.embedder.EclipseLogger - Using 'UTF-8' encoding to copy filtered resources.
2016-06-01 00:25:31,507 [Worker-3] INFO  o.e.m.c.i.embedder.EclipseLogger - skip non existing resourceDirectory D:\git_repo\WorkSpace_Eclipse\Find_MacBook\src\test\resources
2016-06-01 00:25:32,903 [Worker-8] INFO  o.e.m.c.i.embedder.EclipseLogger - Using 'UTF-8' encoding to copy filtered resources.
2016-06-01 00:25:32,903 [Worker-8] INFO  o.e.m.c.i.embedder.EclipseLogger - skip non existing resourceDirectory D:\git_repo\WorkSpace_Eclipse\Find_MacBook\src\main\resources
2016-06-01 00:25:32,904 [Worker-8] INFO  o.e.m.c.i.embedder.EclipseLogger - Using 'UTF-8' encoding to copy filtered resources.
2016-06-01 00:25:32,904 [Worker-8] INFO  o.e.m.c.i.embedder.EclipseLogger - skip non existing resourceDirectory D:\git_repo\WorkSpace_Eclipse\Find_MacBook\src\test\resources
2016-06-01 00:25:40,500 [Worker-1] INFO  o.e.m.c.i.embedder.EclipseLogger - Using 'UTF-8' encoding to copy filtered resources.
2016-06-01 00:25:40,500 [Worker-1] INFO  o.e.m.c.i.embedder.EclipseLogger - skip non existing resourceDirectory D:\git_repo\WorkSpace_Eclipse\Find_MacBook\src\main\resources
2016-06-01 00:25:40,501 [Worker-1] INFO  o.e.m.c.i.embedder.EclipseLogger - Using 'UTF-8' encoding to copy filtered resources.
2016-06-01 00:25:40,501 [Worker-1] INFO  o.e.m.c.i.embedder.EclipseLogger - skip non existing resourceDirectory D:\git_repo\WorkSpace_Eclipse\Find_MacBook\src\test\resources
2016-06-01 00:27:10,555 [Worker-12] INFO  o.e.m.c.i.embedder.EclipseLogger - Using 'UTF-8' encoding to copy filtered resources.
2016-06-01 00:27:10,562 [Worker-12] INFO  o.e.m.c.i.embedder.EclipseLogger - Copying 0 resource
2016-06-01 00:27:10,563 [Worker-12] INFO  o.e.m.c.i.embedder.EclipseLogger - Using 'UTF-8' encoding to copy filtered resources.
2016-06-01 00:27:10,563 [Worker-12] INFO  o.e.m.c.i.embedder.EclipseLogger - skip non existing resourceDirectory D:\git_repo\WorkSpace_Eclipse\Find_MacBook\src\test\resources
2016-06-01 00:27:27,446 [Worker-3] INFO  o.e.m.c.i.embedder.EclipseLogger - Using 'UTF-8' encoding to copy filtered resources.
2016-06-01 00:27:27,446 [Worker-3] INFO  o.e.m.c.i.embedder.EclipseLogger - skip non existing resourceDirectory D:\git_repo\WorkSpace_Eclipse\Find_MacBook\src\main\resources
2016-06-01 00:27:27,447 [Worker-3] INFO  o.e.m.c.i.embedder.EclipseLogger - Using 'UTF-8' encoding to copy filtered resources.
2016-06-01 00:27:27,447 [Worker-3] INFO  o.e.m.c.i.embedder.EclipseLogger - skip non existing resourceDirectory D:\git_repo\WorkSpace_Eclipse\Find_MacBook\src\test\resources
2016-06-01 00:27:31,484 [Worker-12] INFO  o.e.m.c.i.embedder.EclipseLogger - Using 'UTF-8' encoding to copy filtered resources.
2016-06-01 00:27:31,484 [Worker-12] INFO  o.e.m.c.i.embedder.EclipseLogger - skip non existing resourceDirectory D:\git_repo\WorkSpace_Eclipse\Find_MacBook\src\main\resources
2016-06-01 00:27:31,486 [Worker-12] INFO  o.e.m.c.i.embedder.EclipseLogger - Using 'UTF-8' encoding to copy filtered resources.
2016-06-01 00:27:31,486 [Worker-12] INFO  o.e.m.c.i.embedder.EclipseLogger - skip non existing resourceDirectory D:\git_repo\WorkSpace_Eclipse\Find_MacBook\src\test\resources
2016-06-01 00:27:32,492 [Worker-20] INFO  o.e.m.c.i.embedder.EclipseLogger - Using 'UTF-8' encoding to copy filtered resources.
2016-06-01 00:27:32,493 [Worker-20] INFO  o.e.m.c.i.embedder.EclipseLogger - skip non existing resourceDirectory D:\git_repo\WorkSpace_Eclipse\Find_MacBook\src\main\resources
2016-06-01 00:27:32,493 [Worker-20] INFO  o.e.m.c.i.embedder.EclipseLogger - Using 'UTF-8' encoding to copy filtered resources.
2016-06-01 00:27:32,494 [Worker-20] INFO  o.e.m.c.i.embedder.EclipseLogger - skip non existing resourceDirectory D:\git_repo\WorkSpace_Eclipse\Find_MacBook\src\test\resources
2016-06-01 00:28:55,527 [Worker-10] INFO  o.e.m.c.i.p.ProjectConfigurationManager - Collecting project info '/pom.xml' D:\git_repo\WorkSpace_Eclipse\Find_MacBook\pom.xml
2016-06-01 00:28:56,100 [Worker-10] INFO  o.e.m.c.i.l.LifecycleMappingFactory - Using org.eclipse.m2e.jdt.JarLifecycleMapping lifecycle mapping for MavenProject: Home:Find_MacBook:0.0.1-SNAPSHOT @ D:\git_repo\WorkSpace_Eclipse\Find_MacBook\pom.xml.
2016-06-01 00:28:56,610 [Worker-10] INFO  o.e.m.j.i.AbstractJavaProjectConfigurator - Adding source folder /Find_MacBook/src/main/java
2016-06-01 00:28:56,613 [Worker-10] INFO  o.e.m.j.i.AbstractJavaProjectConfigurator - Adding source folder /Find_MacBook/src/test/java
2016-06-01 00:28:56,686 [Worker-10] INFO  o.e.m.c.i.p.ProjectConfigurationManager - Imported and configured 1 project(s) in 1 sec
2016-06-01 00:28:57,001 [Worker-22] INFO  o.e.m.c.i.embedder.EclipseLogger - Using 'UTF-8' encoding to copy filtered resources.
2016-06-01 00:28:57,001 [Worker-22] INFO  o.e.m.c.i.embedder.EclipseLogger - skip non existing resourceDirectory D:\git_repo\WorkSpace_Eclipse\Find_MacBook\src\main\resources
2016-06-01 00:28:57,003 [Worker-22] INFO  o.e.m.c.i.embedder.EclipseLogger - Using 'UTF-8' encoding to copy filtered resources.
2016-06-01 00:28:57,003 [Worker-22] INFO  o.e.m.c.i.embedder.EclipseLogger - skip non existing resourceDirectory D:\git_repo\WorkSpace_Eclipse\Find_MacBook\src\test\resources
2016-06-01 00:29:00,420 [Worker-10] INFO  o.e.m.c.i.embedder.EclipseLogger - Using 'UTF-8' encoding to copy filtered resources.
2016-06-01 00:29:00,420 [Worker-10] INFO  o.e.m.c.i.embedder.EclipseLogger - skip non existing resourceDirectory D:\git_repo\WorkSpace_Eclipse\Find_MacBook\src\main\resources
2016-06-01 00:29:00,421 [Worker-10] INFO  o.e.m.c.i.embedder.EclipseLogger - Using 'UTF-8' encoding to copy filtered resources.
2016-06-01 00:29:00,421 [Worker-10] INFO  o.e.m.c.i.embedder.EclipseLogger - skip non existing resourceDirectory D:\git_repo\WorkSpace_Eclipse\Find_MacBook\src\test\resources
2016-06-01 00:29:03,143 [Worker-22] INFO  o.e.m.c.i.embedder.EclipseLogger - Using 'UTF-8' encoding to copy filtered resources.
2016-06-01 00:29:03,144 [Worker-22] INFO  o.e.m.c.i.embedder.EclipseLogger - skip non existing resourceDirectory D:\git_repo\WorkSpace_Eclipse\Find_MacBook\src\main\resources
2016-06-01 00:29:03,144 [Worker-22] INFO  o.e.m.c.i.embedder.EclipseLogger - Using 'UTF-8' encoding to copy filtered resources.
2016-06-01 00:29:03,145 [Worker-22] INFO  o.e.m.c.i.embedder.EclipseLogger - skip non existing resourceDirectory D:\git_repo\WorkSpace_Eclipse\Find_MacBook\src\test\resources
2016-06-01 00:29:17,671 [Worker-22] INFO  o.e.m.c.i.embedder.EclipseLogger - Using 'UTF-8' encoding to copy filtered resources.
2016-06-01 00:29:17,671 [Worker-22] INFO  o.e.m.c.i.embedder.EclipseLogger - skip non existing resourceDirectory D:\git_repo\WorkSpace_Eclipse\Find_MacBook\src\main\resources
2016-06-01 00:29:17,672 [Worker-22] INFO  o.e.m.c.i.embedder.EclipseLogger - Using 'UTF-8' encoding to copy filtered resources.
2016-06-01 00:29:17,672 [Worker-22] INFO  o.e.m.c.i.embedder.EclipseLogger - skip non existing resourceDirectory D:\git_repo\WorkSpace_Eclipse\Find_MacBook\src\test\resources
2016-06-01 00:29:32,862 [Worker-20] INFO  o.e.m.c.i.embedder.EclipseLogger - Using 'UTF-8' encoding to copy filtered resources.
2016-06-01 00:29:32,862 [Worker-20] INFO  o.e.m.c.i.embedder.EclipseLogger - skip non existing resourceDirectory D:\git_repo\WorkSpace_Eclipse\Find_MacBook\src\main\resources
2016-06-01 00:29:32,863 [Worker-20] INFO  o.e.m.c.i.embedder.EclipseLogger - Using 'UTF-8' encoding to copy filtered resources.
2016-06-01 00:29:32,863 [Worker-20] INFO  o.e.m.c.i.embedder.EclipseLogger - skip non existing resourceDirectory D:\git_repo\WorkSpace_Eclipse\Find_MacBook\src\test\resources
2016-06-01 00:30:01,188 [Worker-20] INFO  o.e.m.c.i.embedder.EclipseLogger - Using 'UTF-8' encoding to copy filtered resources.
2016-06-01 00:30:01,188 [Worker-20] INFO  o.e.m.c.i.embedder.EclipseLogger - skip non existing resourceDirectory D:\git_repo\WorkSpace_Eclipse\Find_MacBook\src\main\resources
2016-06-01 00:30:01,188 [Worker-20] INFO  o.e.m.c.i.embedder.EclipseLogger - Using 'UTF-8' encoding to copy filtered resources.
2016-06-01 00:30:01,189 [Worker-20] INFO  o.e.m.c.i.embedder.EclipseLogger - skip non existing resourceDirectory D:\git_repo\WorkSpace_Eclipse\Find_MacBook\src\test\resources
2016-06-01 00:30:52,621 [Worker-20] INFO  o.e.m.c.i.embedder.EclipseLogger - Using 'UTF-8' encoding to copy filtered resources.
2016-06-01 00:30:52,623 [Worker-20] INFO  o.e.m.c.i.embedder.EclipseLogger - Copying 0 resource
2016-06-01 00:30:52,625 [Worker-20] INFO  o.e.m.c.i.embedder.EclipseLogger - Using 'UTF-8' encoding to copy filtered resources.
2016-06-01 00:30:52,625 [Worker-20] INFO  o.e.m.c.i.embedder.EclipseLogger - skip non existing resourceDirectory D:\git_repo\WorkSpace_Eclipse\Find_MacBook\src\test\resources
2016-06-01 00:31:50,912 [Worker-7] INFO  o.e.m.c.i.embedder.EclipseLogger - Using 'UTF-8' encoding to copy filtered resources.
2016-06-01 00:31:50,914 [Worker-7] INFO  o.e.m.c.i.embedder.EclipseLogger - Copying 0 resource
2016-06-01 00:31:50,916 [Worker-7] INFO  o.e.m.c.i.embedder.EclipseLogger - Using 'UTF-8' encoding to copy filtered resources.
2016-06-01 00:31:50,916 [Worker-7] INFO  o.e.m.c.i.embedder.EclipseLogger - skip non existing resourceDirectory D:\git_repo\WorkSpace_Eclipse\Find_MacBook\src\test\resources
2016-06-01 00:31:51,942 [Worker-0] INFO  o.e.m.c.i.embedder.EclipseLogger - Using 'UTF-8' encoding to copy filtered resources.
2016-06-01 00:31:51,942 [Worker-0] INFO  o.e.m.c.i.embedder.EclipseLogger - Copying 0 resource
2016-06-01 00:31:51,943 [Worker-0] INFO  o.e.m.c.i.embedder.EclipseLogger - Using 'UTF-8' encoding to copy filtered resources.
2016-06-01 00:31:51,943 [Worker-0] INFO  o.e.m.c.i.embedder.EclipseLogger - skip non existing resourceDirectory D:\git_repo\WorkSpace_Eclipse\Find_MacBook\src\test\resources
2016-06-01 00:32:19,131 [Worker-0] INFO  o.e.m.c.i.embedder.EclipseLogger - Using 'UTF-8' encoding to copy filtered resources.
2016-06-01 00:32:19,131 [Worker-0] INFO  o.e.m.c.i.embedder.EclipseLogger - Copying 0 resource
2016-06-01 00:32:19,132 [Worker-0] INFO  o.e.m.c.i.embedder.EclipseLogger - Using 'UTF-8' encoding to copy filtered resources.
2016-06-01 00:32:19,132 [Worker-0] INFO  o.e.m.c.i.embedder.EclipseLogger - skip non existing resourceDirectory D:\git_repo\WorkSpace_Eclipse\Find_MacBook\src\test\resources
2016-06-01 00:32:44,159 [Worker-22] INFO  o.e.m.c.i.embedder.EclipseLogger - Using 'UTF-8' encoding to copy filtered resources.
2016-06-01 00:32:44,160 [Worker-22] INFO  o.e.m.c.i.embedder.EclipseLogger - Copying 0 resource
2016-06-01 00:32:44,161 [Worker-22] INFO  o.e.m.c.i.embedder.EclipseLogger - Using 'UTF-8' encoding to copy filtered resources.
2016-06-01 00:32:44,161 [Worker-22] INFO  o.e.m.c.i.embedder.EclipseLogger - skip non existing resourceDirectory D:\git_repo\WorkSpace_Eclipse\Find_MacBook\src\test\resources
2016-06-01 00:32:51,733 [Worker-7] INFO  o.e.m.c.i.embedder.EclipseLogger - Using 'UTF-8' encoding to copy filtered resources.
2016-06-01 00:32:51,733 [Worker-7] INFO  o.e.m.c.i.embedder.EclipseLogger - Copying 0 resource
2016-06-01 00:32:51,734 [Worker-7] INFO  o.e.m.c.i.embedder.EclipseLogger - Using 'UTF-8' encoding to copy filtered resources.
2016-06-01 00:32:51,734 [Worker-7] INFO  o.e.m.c.i.embedder.EclipseLogger - skip non existing resourceDirectory D:\git_repo\WorkSpace_Eclipse\Find_MacBook\src\test\resources
2016-06-01 00:33:07,886 [Worker-8] INFO  o.e.m.c.i.embedder.EclipseLogger - Using 'UTF-8' encoding to copy filtered resources.
2016-06-01 00:33:07,887 [Worker-8] INFO  o.e.m.c.i.embedder.EclipseLogger - Copying 0 resource
2016-06-01 00:33:07,888 [Worker-8] INFO  o.e.m.c.i.embedder.EclipseLogger - Using 'UTF-8' encoding to copy filtered resources.
2016-06-01 00:33:07,889 [Worker-8] INFO  o.e.m.c.i.embedder.EclipseLogger - skip non existing resourceDirectory D:\git_repo\WorkSpace_Eclipse\Find_MacBook\src\test\resources
2016-06-01 00:34:07,696 [Worker-22] INFO  o.e.m.c.i.embedder.EclipseLogger - Using 'UTF-8' encoding to copy filtered resources.
2016-06-01 00:34:07,696 [Worker-22] INFO  o.e.m.c.i.embedder.EclipseLogger - Copying 1 resource
2016-06-01 00:34:07,701 [Worker-22] INFO  o.e.m.c.i.embedder.EclipseLogger - Using 'UTF-8' encoding to copy filtered resources.
2016-06-01 00:34:07,701 [Worker-22] INFO  o.e.m.c.i.embedder.EclipseLogger - skip non existing resourceDirectory D:\git_repo\WorkSpace_Eclipse\Find_MacBook\src\test\resources
2016-06-01 00:34:58,382 [Worker-20] INFO  o.e.m.c.i.embedder.EclipseLogger - Using 'UTF-8' encoding to copy filtered resources.
2016-06-01 00:34:58,382 [Worker-20] INFO  o.e.m.c.i.embedder.EclipseLogger - Copying 0 resource
2016-06-01 00:34:58,383 [Worker-20] INFO  o.e.m.c.i.embedder.EclipseLogger - Using 'UTF-8' encoding to copy filtered resources.
2016-06-01 00:34:58,384 [Worker-20] INFO  o.e.m.c.i.embedder.EclipseLogger - skip non existing resourceDirectory D:\git_repo\WorkSpace_Eclipse\Find_MacBook\src\test\resources
2016-06-01 00:35:13,787 [Worker-7] INFO  o.e.m.c.i.embedder.EclipseLogger - Using 'UTF-8' encoding to copy filtered resources.
2016-06-01 00:35:13,787 [Worker-7] INFO  o.e.m.c.i.embedder.EclipseLogger - Copying 0 resource
2016-06-01 00:35:13,789 [Worker-7] INFO  o.e.m.c.i.embedder.EclipseLogger - Using 'UTF-8' encoding to copy filtered resources.
2016-06-01 00:35:13,789 [Worker-7] INFO  o.e.m.c.i.embedder.EclipseLogger - skip non existing resourceDirectory D:\git_repo\WorkSpace_Eclipse\Find_MacBook\src\test\resources
2016-06-01 00:35:45,470 [Worker-10] INFO  o.e.m.c.i.embedder.EclipseLogger - Using 'UTF-8' encoding to copy filtered resources.
2016-06-01 00:35:45,470 [Worker-10] INFO  o.e.m.c.i.embedder.EclipseLogger - Copying 0 resource
2016-06-01 00:35:45,471 [Worker-10] INFO  o.e.m.c.i.embedder.EclipseLogger - Using 'UTF-8' encoding to copy filtered resources.
2016-06-01 00:35:45,471 [Worker-10] INFO  o.e.m.c.i.embedder.EclipseLogger - skip non existing resourceDirectory D:\git_repo\WorkSpace_Eclipse\Find_MacBook\src\test\resources
2016-06-01 00:36:12,576 [Worker-0] INFO  o.e.m.c.i.embedder.EclipseLogger - Using 'UTF-8' encoding to copy filtered resources.
2016-06-01 00:36:12,576 [Worker-0] INFO  o.e.m.c.i.embedder.EclipseLogger - Copying 0 resource
2016-06-01 00:36:12,577 [Worker-0] INFO  o.e.m.c.i.embedder.EclipseLogger - Using 'UTF-8' encoding to copy filtered resources.
2016-06-01 00:36:12,578 [Worker-0] INFO  o.e.m.c.i.embedder.EclipseLogger - skip non existing resourceDirectory D:\git_repo\WorkSpace_Eclipse\Find_MacBook\src\test\resources
2016-06-01 00:36:35,805 [Worker-22] INFO  o.e.m.c.i.embedder.EclipseLogger - Using 'UTF-8' encoding to copy filtered resources.
2016-06-01 00:36:35,805 [Worker-22] INFO  o.e.m.c.i.embedder.EclipseLogger - Copying 1 resource
2016-06-01 00:36:35,806 [Worker-22] INFO  o.e.m.c.i.embedder.EclipseLogger - Using 'UTF-8' encoding to copy filtered resources.
2016-06-01 00:36:35,806 [Worker-22] INFO  o.e.m.c.i.embedder.EclipseLogger - skip non existing resourceDirectory D:\git_repo\WorkSpace_Eclipse\Find_MacBook\src\test\resources
2016-06-01 00:36:50,800 [Worker-3] INFO  o.e.m.c.i.embedder.EclipseLogger - Using 'UTF-8' encoding to copy filtered resources.
2016-06-01 00:36:50,801 [Worker-3] INFO  o.e.m.c.i.embedder.EclipseLogger - Copying 1 resource
2016-06-01 00:36:50,802 [Worker-3] INFO  o.e.m.c.i.embedder.EclipseLogger - Using 'UTF-8' encoding to copy filtered resources.
2016-06-01 00:36:50,802 [Worker-3] INFO  o.e.m.c.i.embedder.EclipseLogger - skip non existing resourceDirectory D:\git_repo\WorkSpace_Eclipse\Find_MacBook\src\test\resources
2016-06-01 00:37:09,401 [Worker-10] INFO  o.e.m.c.i.embedder.EclipseLogger - Using 'UTF-8' encoding to copy filtered resources.
2016-06-01 00:37:09,402 [Worker-10] INFO  o.e.m.c.i.embedder.EclipseLogger - Copying 1 resource
2016-06-01 00:37:09,403 [Worker-10] INFO  o.e.m.c.i.embedder.EclipseLogger - Using 'UTF-8' encoding to copy filtered resources.
2016-06-01 00:37:09,403 [Worker-10] INFO  o.e.m.c.i.embedder.EclipseLogger - skip non existing resourceDirectory D:\git_repo\WorkSpace_Eclipse\Find_MacBook\src\test\resources
2016-06-01 00:37:24,132 [Worker-8] INFO  o.e.m.c.i.embedder.EclipseLogger - Using 'UTF-8' encoding to copy filtered resources.
2016-06-01 00:37:24,132 [Worker-8] INFO  o.e.m.c.i.embedder.EclipseLogger - Copying 1 resource
2016-06-01 00:37:24,133 [Worker-8] INFO  o.e.m.c.i.embedder.EclipseLogger - Using 'UTF-8' encoding to copy filtered resources.
2016-06-01 00:37:24,134 [Worker-8] INFO  o.e.m.c.i.embedder.EclipseLogger - skip non existing resourceDirectory D:\git_repo\WorkSpace_Eclipse\Find_MacBook\src\test\resources
2016-06-01 00:37:37,031 [Worker-8] INFO  o.e.m.c.i.embedder.EclipseLogger - Using 'UTF-8' encoding to copy filtered resources.
2016-06-01 00:37:37,032 [Worker-8] INFO  o.e.m.c.i.embedder.EclipseLogger - Copying 1 resource
2016-06-01 00:37:37,033 [Worker-8] INFO  o.e.m.c.i.embedder.EclipseLogger - Using 'UTF-8' encoding to copy filtered resources.
2016-06-01 00:37:37,033 [Worker-8] INFO  o.e.m.c.i.embedder.EclipseLogger - skip non existing resourceDirectory D:\git_repo\WorkSpace_Eclipse\Find_MacBook\src\test\resources
2016-06-01 00:37:50,657 [Worker-7] INFO  o.e.m.c.i.embedder.EclipseLogger - Using 'UTF-8' encoding to copy filtered resources.
2016-06-01 00:37:50,658 [Worker-7] INFO  o.e.m.c.i.embedder.EclipseLogger - Copying 1 resource
2016-06-01 00:37:50,659 [Worker-7] INFO  o.e.m.c.i.embedder.EclipseLogger - Using 'UTF-8' encoding to copy filtered resources.
2016-06-01 00:37:50,660 [Worker-7] INFO  o.e.m.c.i.embedder.EclipseLogger - skip non existing resourceDirectory D:\git_repo\WorkSpace_Eclipse\Find_MacBook\src\test\resources
2016-06-01 00:38:14,393 [Worker-7] INFO  o.e.m.c.i.l.LifecycleMappingFactory - Using org.eclipse.m2e.jdt.JarLifecycleMapping lifecycle mapping for MavenProject: Home:Find_MacBook:0.0.1-SNAPSHOT @ D:\git_repo\WorkSpace_Eclipse\Find_MacBook\pom.xml.
2016-06-01 00:38:15,067 [Worker-7] INFO  o.e.m.c.i.e.AbstractTransferListenerAdapter - Downloading https://repo.maven.apache.org/maven2/org/seleniumhq/selenium/selenium-firefox-driver/2.53.0/selenium-firefox-driver-2.53.0.pom
2016-06-01 00:38:15,162 [Worker-7] INFO  o.e.m.c.i.e.AbstractTransferListenerAdapter - Downloaded https://repo.maven.apache.org/maven2/org/seleniumhq/selenium/selenium-firefox-driver/2.53.0/selenium-firefox-driver-2.53.0.pom
2016-06-01 00:38:15,220 [Worker-7] INFO  o.e.m.c.i.e.AbstractTransferListenerAdapter - Downloading https://repo.maven.apache.org/maven2/org/seleniumhq/selenium/selenium-parent/2.53.0/selenium-parent-2.53.0.pom
2016-06-01 00:38:15,278 [Worker-7] INFO  o.e.m.c.i.e.AbstractTransferListenerAdapter - Downloaded https://repo.maven.apache.org/maven2/org/seleniumhq/selenium/selenium-parent/2.53.0/selenium-parent-2.53.0.pom
2016-06-01 00:38:15,335 [Worker-7] INFO  o.e.m.c.i.e.AbstractTransferListenerAdapter - Downloading https://repo.maven.apache.org/maven2/org/seleniumhq/selenium/selenium-remote-driver/2.53.0/selenium-remote-driver-2.53.0.pom
2016-06-01 00:38:15,390 [Worker-7] INFO  o.e.m.c.i.e.AbstractTransferListenerAdapter - Downloaded https://repo.maven.apache.org/maven2/org/seleniumhq/selenium/selenium-remote-driver/2.53.0/selenium-remote-driver-2.53.0.pom
2016-06-01 00:38:15,474 [Worker-7] INFO  o.e.m.c.i.e.AbstractTransferListenerAdapter - Downloading https://repo.maven.apache.org/maven2/org/seleniumhq/selenium/selenium-api/2.53.0/selenium-api-2.53.0.pom
2016-06-01 00:38:15,529 [Worker-7] INFO  o.e.m.c.i.e.AbstractTransferListenerAdapter - Downloaded https://repo.maven.apache.org/maven2/org/seleniumhq/selenium/selenium-api/2.53.0/selenium-api-2.53.0.pom
2016-06-01 00:38:15,586 [Worker-7] INFO  o.e.m.c.i.e.AbstractTransferListenerAdapter - Downloading https://repo.maven.apache.org/maven2/com/google/guava/guava/19.0/guava-19.0.pom
2016-06-01 00:38:15,642 [Worker-7] INFO  o.e.m.c.i.e.AbstractTransferListenerAdapter - Downloaded https://repo.maven.apache.org/maven2/com/google/guava/guava/19.0/guava-19.0.pom
2016-06-01 00:38:15,700 [Worker-7] INFO  o.e.m.c.i.e.AbstractTransferListenerAdapter - Downloading https://repo.maven.apache.org/maven2/com/google/guava/guava-parent/19.0/guava-parent-19.0.pom
2016-06-01 00:38:15,754 [Worker-7] INFO  o.e.m.c.i.e.AbstractTransferListenerAdapter - Downloaded https://repo.maven.apache.org/maven2/com/google/guava/guava-parent/19.0/guava-parent-19.0.pom
2016-06-01 00:38:15,821 [Worker-7] INFO  o.e.m.c.i.e.AbstractTransferListenerAdapter - Downloading https://repo.maven.apache.org/maven2/org/apache/httpcomponents/httpclient/4.5.1/httpclient-4.5.1.pom
2016-06-01 00:38:15,879 [Worker-7] INFO  o.e.m.c.i.e.AbstractTransferListenerAdapter - Downloaded https://repo.maven.apache.org/maven2/org/apache/httpcomponents/httpclient/4.5.1/httpclient-4.5.1.pom
2016-06-01 00:38:15,935 [Worker-7] INFO  o.e.m.c.i.e.AbstractTransferListenerAdapter - Downloading https://repo.maven.apache.org/maven2/org/apache/httpcomponents/httpcomponents-client/4.5.1/httpcomponents-client-4.5.1.pom
2016-06-01 00:38:15,992 [Worker-7] INFO  o.e.m.c.i.e.AbstractTransferListenerAdapter - Downloaded https://repo.maven.apache.org/maven2/org/apache/httpcomponents/httpcomponents-client/4.5.1/httpcomponents-client-4.5.1.pom
2016-06-01 00:38:16,062 [Worker-7] INFO  o.e.m.c.i.e.AbstractTransferListenerAdapter - Downloading https://repo.maven.apache.org/maven2/org/apache/httpcomponents/httpcore/4.4.3/httpcore-4.4.3.pom
2016-06-01 00:38:16,119 [Worker-7] INFO  o.e.m.c.i.e.AbstractTransferListenerAdapter - Downloaded https://repo.maven.apache.org/maven2/org/apache/httpcomponents/httpcore/4.4.3/httpcore-4.4.3.pom
2016-06-01 00:38:16,176 [Worker-7] INFO  o.e.m.c.i.e.AbstractTransferListenerAdapter - Downloading https://repo.maven.apache.org/maven2/org/apache/httpcomponents/httpcomponents-core/4.4.3/httpcomponents-core-4.4.3.pom
2016-06-01 00:38:16,234 [Worker-7] INFO  o.e.m.c.i.e.AbstractTransferListenerAdapter - Downloaded https://repo.maven.apache.org/maven2/org/apache/httpcomponents/httpcomponents-core/4.4.3/httpcomponents-core-4.4.3.pom
2016-06-01 00:38:16,451 [Worker-7] INFO  o.e.m.c.i.e.AbstractTransferListenerAdapter - Downloading https://repo.maven.apache.org/maven2/org/seleniumhq/selenium/selenium-firefox-driver/2.53.0/selenium-firefox-driver-2.53.0.jar
2016-06-01 00:38:16,759 [Worker-7] INFO  o.e.m.c.i.e.AbstractTransferListenerAdapter - Downloaded https://repo.maven.apache.org/maven2/org/seleniumhq/selenium/selenium-firefox-driver/2.53.0/selenium-firefox-driver-2.53.0.jar
2016-06-01 00:38:16,807 [Worker-7] INFO  o.e.m.c.i.e.AbstractTransferListenerAdapter - Downloading https://repo.maven.apache.org/maven2/org/seleniumhq/selenium/selenium-remote-driver/2.53.0/selenium-remote-driver-2.53.0.jar
2016-06-01 00:38:16,880 [Worker-7] INFO  o.e.m.c.i.e.AbstractTransferListenerAdapter - Downloaded https://repo.maven.apache.org/maven2/org/seleniumhq/selenium/selenium-remote-driver/2.53.0/selenium-remote-driver-2.53.0.jar
2016-06-01 00:38:16,929 [Worker-7] INFO  o.e.m.c.i.e.AbstractTransferListenerAdapter - Downloading https://repo.maven.apache.org/maven2/org/seleniumhq/selenium/selenium-api/2.53.0/selenium-api-2.53.0.jar
2016-06-01 00:38:16,993 [Worker-7] INFO  o.e.m.c.i.e.AbstractTransferListenerAdapter - Downloaded https://repo.maven.apache.org/maven2/org/seleniumhq/selenium/selenium-api/2.53.0/selenium-api-2.53.0.jar
2016-06-01 00:38:17,042 [Worker-7] INFO  o.e.m.c.i.e.AbstractTransferListenerAdapter - Downloading https://repo.maven.apache.org/maven2/org/apache/httpcomponents/httpclient/4.5.1/httpclient-4.5.1.jar
2016-06-01 00:38:17,837 [Worker-7] INFO  o.e.m.c.i.e.AbstractTransferListenerAdapter - Downloaded https://repo.maven.apache.org/maven2/org/apache/httpcomponents/httpclient/4.5.1/httpclient-4.5.1.jar
2016-06-01 00:38:17,886 [Worker-7] INFO  o.e.m.c.i.e.AbstractTransferListenerAdapter - Downloading https://repo.maven.apache.org/maven2/org/apache/httpcomponents/httpcore/4.4.3/httpcore-4.4.3.jar
2016-06-01 00:38:18,082 [Worker-7] INFO  o.e.m.c.i.e.AbstractTransferListenerAdapter - Downloaded https://repo.maven.apache.org/maven2/org/apache/httpcomponents/httpcore/4.4.3/httpcore-4.4.3.jar
2016-06-01 00:38:18,131 [Worker-7] INFO  o.e.m.c.i.e.AbstractTransferListenerAdapter - Downloading https://repo.maven.apache.org/maven2/commons-codec/commons-codec/1.9/commons-codec-1.9.jar
2016-06-01 00:38:18,207 [Worker-7] INFO  o.e.m.c.i.e.AbstractTransferListenerAdapter - Downloaded https://repo.maven.apache.org/maven2/commons-codec/commons-codec/1.9/commons-codec-1.9.jar
2016-06-01 00:38:18,263 [Worker-7] INFO  o.e.m.c.i.e.AbstractTransferListenerAdapter - Downloading https://repo.maven.apache.org/maven2/com/google/guava/guava/19.0/guava-19.0.jar
2016-06-01 00:38:18,526 [Worker-7] INFO  o.e.m.c.i.e.AbstractTransferListenerAdapter - Downloaded https://repo.maven.apache.org/maven2/com/google/guava/guava/19.0/guava-19.0.jar
2016-06-01 00:38:19,915 [Worker-7] INFO  o.e.m.c.i.embedder.EclipseLogger - Using 'UTF-8' encoding to copy filtered resources.
2016-06-01 00:38:19,916 [Worker-7] INFO  o.e.m.c.i.embedder.EclipseLogger - Copying 0 resource
2016-06-01 00:38:19,918 [Worker-7] INFO  o.e.m.c.i.embedder.EclipseLogger - Using 'UTF-8' encoding to copy filtered resources.
2016-06-01 00:38:19,918 [Worker-7] INFO  o.e.m.c.i.embedder.EclipseLogger - skip non existing resourceDirectory D:\git_repo\WorkSpace_Eclipse\Find_MacBook\src\test\resources
2016-06-01 00:38:21,428 [Worker-20] INFO  o.e.m.c.i.embedder.EclipseLogger - Using 'UTF-8' encoding to copy filtered resources.
2016-06-01 00:38:21,429 [Worker-20] INFO  o.e.m.c.i.embedder.EclipseLogger - Copying 1 resource
2016-06-01 00:38:21,434 [Worker-20] INFO  o.e.m.c.i.embedder.EclipseLogger - Using 'UTF-8' encoding to copy filtered resources.
2016-06-01 00:38:21,434 [Worker-20] INFO  o.e.m.c.i.embedder.EclipseLogger - skip non existing resourceDirectory D:\git_repo\WorkSpace_Eclipse\Find_MacBook\src\test\resources
2016-06-01 00:39:26,977 [Worker-3] INFO  o.e.m.c.i.l.LifecycleMappingFactory - Using org.eclipse.m2e.jdt.JarLifecycleMapping lifecycle mapping for MavenProject: Home:Find_MacBook:0.0.1-SNAPSHOT @ D:\git_repo\WorkSpace_Eclipse\Find_MacBook\pom.xml.
2016-06-01 00:39:27,100 [Worker-3] INFO  o.e.m.c.i.e.AbstractTransferListenerAdapter - Downloading https://repo.maven.apache.org/maven2/org/seleniumhq/selenium/selenium-java/2.53.0/selenium-java-2.53.0.pom
2016-06-01 00:39:27,154 [Worker-3] INFO  o.e.m.c.i.e.AbstractTransferListenerAdapter - Downloaded https://repo.maven.apache.org/maven2/org/seleniumhq/selenium/selenium-java/2.53.0/selenium-java-2.53.0.pom
2016-06-01 00:39:27,211 [Worker-3] INFO  o.e.m.c.i.e.AbstractTransferListenerAdapter - Downloading https://repo.maven.apache.org/maven2/org/seleniumhq/selenium/selenium-chrome-driver/2.53.0/selenium-chrome-driver-2.53.0.pom
2016-06-01 00:39:27,265 [Worker-3] INFO  o.e.m.c.i.e.AbstractTransferListenerAdapter - Downloaded https://repo.maven.apache.org/maven2/org/seleniumhq/selenium/selenium-chrome-driver/2.53.0/selenium-chrome-driver-2.53.0.pom
2016-06-01 00:39:27,322 [Worker-3] INFO  o.e.m.c.i.e.AbstractTransferListenerAdapter - Downloading https://repo.maven.apache.org/maven2/org/seleniumhq/selenium/selenium-edge-driver/2.53.0/selenium-edge-driver-2.53.0.pom
2016-06-01 00:39:27,376 [Worker-3] INFO  o.e.m.c.i.e.AbstractTransferListenerAdapter - Downloaded https://repo.maven.apache.org/maven2/org/seleniumhq/selenium/selenium-edge-driver/2.53.0/selenium-edge-driver-2.53.0.pom
2016-06-01 00:39:27,434 [Worker-3] INFO  o.e.m.c.i.e.AbstractTransferListenerAdapter - Downloading https://repo.maven.apache.org/maven2/org/seleniumhq/selenium/selenium-ie-driver/2.53.0/selenium-ie-driver-2.53.0.pom
2016-06-01 00:39:27,488 [Worker-3] INFO  o.e.m.c.i.e.AbstractTransferListenerAdapter - Downloaded https://repo.maven.apache.org/maven2/org/seleniumhq/selenium/selenium-ie-driver/2.53.0/selenium-ie-driver-2.53.0.pom
2016-06-01 00:39:27,544 [Worker-3] INFO  o.e.m.c.i.e.AbstractTransferListenerAdapter - Downloading https://repo.maven.apache.org/maven2/org/seleniumhq/selenium/selenium-safari-driver/2.53.0/selenium-safari-driver-2.53.0.pom
2016-06-01 00:39:27,599 [Worker-3] INFO  o.e.m.c.i.e.AbstractTransferListenerAdapter - Downloaded https://repo.maven.apache.org/maven2/org/seleniumhq/selenium/selenium-safari-driver/2.53.0/selenium-safari-driver-2.53.0.pom
2016-06-01 00:39:27,655 [Worker-3] INFO  o.e.m.c.i.e.AbstractTransferListenerAdapter - Downloading https://repo.maven.apache.org/maven2/io/netty/netty/3.5.7.Final/netty-3.5.7.Final.pom
2016-06-01 00:39:27,714 [Worker-3] INFO  o.e.m.c.i.e.AbstractTransferListenerAdapter - Downloaded https://repo.maven.apache.org/maven2/io/netty/netty/3.5.7.Final/netty-3.5.7.Final.pom
2016-06-01 00:39:27,773 [Worker-3] INFO  o.e.m.c.i.e.AbstractTransferListenerAdapter - Downloading https://repo.maven.apache.org/maven2/org/seleniumhq/selenium/selenium-support/2.53.0/selenium-support-2.53.0.pom
2016-06-01 00:39:27,826 [Worker-3] INFO  o.e.m.c.i.e.AbstractTransferListenerAdapter - Downloaded https://repo.maven.apache.org/maven2/org/seleniumhq/selenium/selenium-support/2.53.0/selenium-support-2.53.0.pom
2016-06-01 00:39:27,883 [Worker-3] INFO  o.e.m.c.i.e.AbstractTransferListenerAdapter - Downloading https://repo.maven.apache.org/maven2/org/seleniumhq/selenium/selenium-leg-rc/2.53.0/selenium-leg-rc-2.53.0.pom
2016-06-01 00:39:27,937 [Worker-3] INFO  o.e.m.c.i.e.AbstractTransferListenerAdapter - Downloaded https://repo.maven.apache.org/maven2/org/seleniumhq/selenium/selenium-leg-rc/2.53.0/selenium-leg-rc-2.53.0.pom
2016-06-01 00:39:28,012 [Worker-3] INFO  o.e.m.c.i.e.AbstractTransferListenerAdapter - Downloading https://repo.maven.apache.org/maven2/org/seleniumhq/selenium/selenium-java/2.53.0/selenium-java-2.53.0.jar
2016-06-01 00:39:28,070 [Worker-3] INFO  o.e.m.c.i.e.AbstractTransferListenerAdapter - Downloaded https://repo.maven.apache.org/maven2/org/seleniumhq/selenium/selenium-java/2.53.0/selenium-java-2.53.0.jar
2016-06-01 00:39:28,117 [Worker-3] INFO  o.e.m.c.i.e.AbstractTransferListenerAdapter - Downloading https://repo.maven.apache.org/maven2/org/seleniumhq/selenium/selenium-chrome-driver/2.53.0/selenium-chrome-driver-2.53.0.jar
2016-06-01 00:39:28,191 [Worker-3] INFO  o.e.m.c.i.e.AbstractTransferListenerAdapter - Downloaded https://repo.maven.apache.org/maven2/org/seleniumhq/selenium/selenium-chrome-driver/2.53.0/selenium-chrome-driver-2.53.0.jar
2016-06-01 00:39:28,238 [Worker-3] INFO  o.e.m.c.i.e.AbstractTransferListenerAdapter - Downloading https://repo.maven.apache.org/maven2/org/seleniumhq/selenium/selenium-edge-driver/2.53.0/selenium-edge-driver-2.53.0.jar
2016-06-01 00:39:28,303 [Worker-3] INFO  o.e.m.c.i.e.AbstractTransferListenerAdapter - Downloaded https://repo.maven.apache.org/maven2/org/seleniumhq/selenium/selenium-edge-driver/2.53.0/selenium-edge-driver-2.53.0.jar
2016-06-01 00:39:28,351 [Worker-3] INFO  o.e.m.c.i.e.AbstractTransferListenerAdapter - Downloading https://repo.maven.apache.org/maven2/org/seleniumhq/selenium/selenium-ie-driver/2.53.0/selenium-ie-driver-2.53.0.jar
2016-06-01 00:39:28,421 [Worker-3] INFO  o.e.m.c.i.e.AbstractTransferListenerAdapter - Downloaded https://repo.maven.apache.org/maven2/org/seleniumhq/selenium/selenium-ie-driver/2.53.0/selenium-ie-driver-2.53.0.jar
2016-06-01 00:39:28,469 [Worker-3] INFO  o.e.m.c.i.e.AbstractTransferListenerAdapter - Downloading https://repo.maven.apache.org/maven2/org/seleniumhq/selenium/selenium-safari-driver/2.53.0/selenium-safari-driver-2.53.0.jar
2016-06-01 00:39:28,529 [Worker-3] INFO  o.e.m.c.i.e.AbstractTransferListenerAdapter - Downloaded https://repo.maven.apache.org/maven2/org/seleniumhq/selenium/selenium-safari-driver/2.53.0/selenium-safari-driver-2.53.0.jar
2016-06-01 00:39:28,578 [Worker-3] INFO  o.e.m.c.i.e.AbstractTransferListenerAdapter - Downloading https://repo.maven.apache.org/maven2/io/netty/netty/3.5.7.Final/netty-3.5.7.Final.jar
2016-06-01 00:39:28,766 [Worker-3] INFO  o.e.m.c.i.e.AbstractTransferListenerAdapter - Downloaded https://repo.maven.apache.org/maven2/io/netty/netty/3.5.7.Final/netty-3.5.7.Final.jar
2016-06-01 00:39:28,815 [Worker-3] INFO  o.e.m.c.i.e.AbstractTransferListenerAdapter - Downloading https://repo.maven.apache.org/maven2/org/seleniumhq/selenium/selenium-support/2.53.0/selenium-support-2.53.0.jar
2016-06-01 00:39:28,881 [Worker-3] INFO  o.e.m.c.i.e.AbstractTransferListenerAdapter - Downloaded https://repo.maven.apache.org/maven2/org/seleniumhq/selenium/selenium-support/2.53.0/selenium-support-2.53.0.jar
2016-06-01 00:39:28,930 [Worker-3] INFO  o.e.m.c.i.e.AbstractTransferListenerAdapter - Downloading https://repo.maven.apache.org/maven2/org/seleniumhq/selenium/selenium-leg-rc/2.53.0/selenium-leg-rc-2.53.0.jar
2016-06-01 00:39:29,017 [Worker-3] INFO  o.e.m.c.i.e.AbstractTransferListenerAdapter - Downloaded https://repo.maven.apache.org/maven2/org/seleniumhq/selenium/selenium-leg-rc/2.53.0/selenium-leg-rc-2.53.0.jar
2016-06-01 00:39:30,047 [Worker-3] INFO  o.e.m.c.i.embedder.EclipseLogger - Using 'UTF-8' encoding to copy filtered resources.
2016-06-01 00:39:30,048 [Worker-3] INFO  o.e.m.c.i.embedder.EclipseLogger - Copying 0 resource
2016-06-01 00:39:30,050 [Worker-3] INFO  o.e.m.c.i.embedder.EclipseLogger - Using 'UTF-8' encoding to copy filtered resources.
2016-06-01 00:39:30,050 [Worker-3] INFO  o.e.m.c.i.embedder.EclipseLogger - skip non existing resourceDirectory D:\git_repo\WorkSpace_Eclipse\Find_MacBook\src\test\resources
2016-06-01 00:39:31,818 [Worker-7] INFO  o.e.m.c.i.l.LifecycleMappingFactory - Using org.eclipse.m2e.jdt.JarLifecycleMapping lifecycle mapping for MavenProject: Home:Find_MacBook:0.0.1-SNAPSHOT @ D:\git_repo\WorkSpace_Eclipse\Find_MacBook\pom.xml.
2016-06-01 00:39:32,301 [Worker-7] INFO  o.e.m.c.i.embedder.EclipseLogger - Using 'UTF-8' encoding to copy filtered resources.
2016-06-01 00:39:32,302 [Worker-7] INFO  o.e.m.c.i.embedder.EclipseLogger - Copying 1 resource
2016-06-01 00:39:32,307 [Worker-7] INFO  o.e.m.c.i.embedder.EclipseLogger - Using 'UTF-8' encoding to copy filtered resources.
2016-06-01 00:39:32,307 [Worker-7] INFO  o.e.m.c.i.embedder.EclipseLogger - skip non existing resourceDirectory D:\git_repo\WorkSpace_Eclipse\Find_MacBook\src\test\resources
2016-06-01 00:40:19,998 [Worker-3] INFO  o.e.m.c.i.embedder.EclipseLogger - Using 'UTF-8' encoding to copy filtered resources.
2016-06-01 00:40:19,998 [Worker-3] INFO  o.e.m.c.i.embedder.EclipseLogger - Copying 1 resource
2016-06-01 00:40:20,000 [Worker-3] INFO  o.e.m.c.i.embedder.EclipseLogger - Using 'UTF-8' encoding to copy filtered resources.
2016-06-01 00:40:20,000 [Worker-3] INFO  o.e.m.c.i.embedder.EclipseLogger - skip non existing resourceDirectory D:\git_repo\WorkSpace_Eclipse\Find_MacBook\src\test\resources
2016-06-01 00:40:32,247 [Worker-8] INFO  o.e.m.c.i.embedder.EclipseLogger - Using 'UTF-8' encoding to copy filtered resources.
2016-06-01 00:40:32,247 [Worker-8] INFO  o.e.m.c.i.embedder.EclipseLogger - Copying 0 resource
2016-06-01 00:40:32,248 [Worker-8] INFO  o.e.m.c.i.embedder.EclipseLogger - Using 'UTF-8' encoding to copy filtered resources.
2016-06-01 00:40:32,249 [Worker-8] INFO  o.e.m.c.i.embedder.EclipseLogger - skip non existing resourceDirectory D:\git_repo\WorkSpace_Eclipse\Find_MacBook\src\test\resources
2016-06-01 00:40:47,485 [Worker-8] INFO  o.e.m.c.i.embedder.EclipseLogger - Using 'UTF-8' encoding to copy filtered resources.
2016-06-01 00:40:47,485 [Worker-8] INFO  o.e.m.c.i.embedder.EclipseLogger - Copying 0 resource
2016-06-01 00:40:47,485 [Worker-8] INFO  o.e.m.c.i.embedder.EclipseLogger - Using 'UTF-8' encoding to copy filtered resources.
2016-06-01 00:40:47,485 [Worker-8] INFO  o.e.m.c.i.embedder.EclipseLogger - skip non existing resourceDirectory D:\git_repo\WorkSpace_Eclipse\Find_MacBook\src\test\resources
2016-06-01 00:41:10,838 [Worker-8] INFO  o.e.m.c.i.embedder.EclipseLogger - Using 'UTF-8' encoding to copy filtered resources.
2016-06-01 00:41:10,838 [Worker-8] INFO  o.e.m.c.i.embedder.EclipseLogger - Copying 0 resource
2016-06-01 00:41:10,838 [Worker-8] INFO  o.e.m.c.i.embedder.EclipseLogger - Using 'UTF-8' encoding to copy filtered resources.
2016-06-01 00:41:10,839 [Worker-8] INFO  o.e.m.c.i.embedder.EclipseLogger - skip non existing resourceDirectory D:\git_repo\WorkSpace_Eclipse\Find_MacBook\src\test\resources
2016-06-01 00:42:02,749 [Worker-8] INFO  o.e.m.c.i.embedder.EclipseLogger - Using 'UTF-8' encoding to copy filtered resources.
2016-06-01 00:42:02,749 [Worker-8] INFO  o.e.m.c.i.embedder.EclipseLogger - Copying 0 resource
2016-06-01 00:42:02,750 [Worker-8] INFO  o.e.m.c.i.embedder.EclipseLogger - Using 'UTF-8' encoding to copy filtered resources.
2016-06-01 00:42:02,750 [Worker-8] INFO  o.e.m.c.i.embedder.EclipseLogger - skip non existing resourceDirectory D:\git_repo\WorkSpace_Eclipse\Find_MacBook\src\test\resources
2016-06-01 00:42:20,474 [Worker-23] INFO  o.e.m.c.i.embedder.EclipseLogger - Using 'UTF-8' encoding to copy filtered resources.
2016-06-01 00:42:20,474 [Worker-23] INFO  o.e.m.c.i.embedder.EclipseLogger - Copying 0 resource
2016-06-01 00:42:20,475 [Worker-23] INFO  o.e.m.c.i.embedder.EclipseLogger - Using 'UTF-8' encoding to copy filtered resources.
2016-06-01 00:42:20,475 [Worker-23] INFO  o.e.m.c.i.embedder.EclipseLogger - skip non existing resourceDirectory D:\git_repo\WorkSpace_Eclipse\Find_MacBook\src\test\resources
2016-06-01 00:42:31,016 [Worker-22] INFO  o.e.m.c.i.embedder.EclipseLogger - Using 'UTF-8' encoding to copy filtered resources.
2016-06-01 00:42:31,016 [Worker-22] INFO  o.e.m.c.i.embedder.EclipseLogger - Copying 0 resource
2016-06-01 00:42:31,017 [Worker-22] INFO  o.e.m.c.i.embedder.EclipseLogger - Using 'UTF-8' encoding to copy filtered resources.
2016-06-01 00:42:31,017 [Worker-22] INFO  o.e.m.c.i.embedder.EclipseLogger - skip non existing resourceDirectory D:\git_repo\WorkSpace_Eclipse\Find_MacBook\src\test\resources
2016-06-01 00:42:43,732 [Worker-8] INFO  o.e.m.c.i.embedder.EclipseLogger - Using 'UTF-8' encoding to copy filtered resources.
2016-06-01 00:42:43,732 [Worker-8] INFO  o.e.m.c.i.embedder.EclipseLogger - Copying 0 resource
2016-06-01 00:42:43,733 [Worker-8] INFO  o.e.m.c.i.embedder.EclipseLogger - Using 'UTF-8' encoding to copy filtered resources.
2016-06-01 00:42:43,733 [Worker-8] INFO  o.e.m.c.i.embedder.EclipseLogger - skip non existing resourceDirectory D:\git_repo\WorkSpace_Eclipse\Find_MacBook\src\test\resources
2016-06-01 00:43:10,417 [Worker-22] INFO  o.e.m.c.i.embedder.EclipseLogger - Using 'UTF-8' encoding to copy filtered resources.
2016-06-01 00:43:10,418 [Worker-22] INFO  o.e.m.c.i.embedder.EclipseLogger - Copying 0 resource
2016-06-01 00:43:10,418 [Worker-22] INFO  o.e.m.c.i.embedder.EclipseLogger - Using 'UTF-8' encoding to copy filtered resources.
2016-06-01 00:43:10,418 [Worker-22] INFO  o.e.m.c.i.embedder.EclipseLogger - skip non existing resourceDirectory D:\git_repo\WorkSpace_Eclipse\Find_MacBook\src\test\resources
2016-06-01 00:43:19,538 [Worker-20] INFO  o.e.m.c.i.embedder.EclipseLogger - Using 'UTF-8' encoding to copy filtered resources.
2016-06-01 00:43:19,539 [Worker-20] INFO  o.e.m.c.i.embedder.EclipseLogger - Copying 0 resource
2016-06-01 00:43:19,539 [Worker-20] INFO  o.e.m.c.i.embedder.EclipseLogger - Using 'UTF-8' encoding to copy filtered resources.
2016-06-01 00:43:19,539 [Worker-20] INFO  o.e.m.c.i.embedder.EclipseLogger - skip non existing resourceDirectory D:\git_repo\WorkSpace_Eclipse\Find_MacBook\src\test\resources
2016-06-01 00:43:29,497 [Worker-8] INFO  o.e.m.c.i.embedder.EclipseLogger - Using 'UTF-8' encoding to copy filtered resources.
2016-06-01 00:43:29,497 [Worker-8] INFO  o.e.m.c.i.embedder.EclipseLogger - Copying 0 resource
2016-06-01 00:43:29,498 [Worker-8] INFO  o.e.m.c.i.embedder.EclipseLogger - Using 'UTF-8' encoding to copy filtered resources.
2016-06-01 00:43:29,498 [Worker-8] INFO  o.e.m.c.i.embedder.EclipseLogger - skip non existing resourceDirectory D:\git_repo\WorkSpace_Eclipse\Find_MacBook\src\test\resources
2016-06-01 00:43:37,726 [Worker-22] INFO  o.e.m.c.i.embedder.EclipseLogger - Using 'UTF-8' encoding to copy filtered resources.
2016-06-01 00:43:37,727 [Worker-22] INFO  o.e.m.c.i.embedder.EclipseLogger - Copying 0 resource
2016-06-01 00:43:37,727 [Worker-22] INFO  o.e.m.c.i.embedder.EclipseLogger - Using 'UTF-8' encoding to copy filtered resources.
2016-06-01 00:43:37,727 [Worker-22] INFO  o.e.m.c.i.embedder.EclipseLogger - skip non existing resourceDirectory D:\git_repo\WorkSpace_Eclipse\Find_MacBook\src\test\resources
2016-06-01 00:43:48,749 [Worker-8] INFO  o.e.m.c.i.embedder.EclipseLogger - Using 'UTF-8' encoding to copy filtered resources.
2016-06-01 00:43:48,749 [Worker-8] INFO  o.e.m.c.i.embedder.EclipseLogger - Copying 0 resource
2016-06-01 00:43:48,750 [Worker-8] INFO  o.e.m.c.i.embedder.EclipseLogger - Using 'UTF-8' encoding to copy filtered resources.
2016-06-01 00:43:48,751 [Worker-8] INFO  o.e.m.c.i.embedder.EclipseLogger - skip non existing resourceDirectory D:\git_repo\WorkSpace_Eclipse\Find_MacBook\src\test\resources
2016-06-01 00:45:01,194 [Worker-3] INFO  o.e.m.c.i.embedder.EclipseLogger - Using 'UTF-8' encoding to copy filtered resources.
2016-06-01 00:45:01,195 [Worker-3] INFO  o.e.m.c.i.embedder.EclipseLogger - Copying 1 resource
2016-06-01 00:45:01,195 [Worker-3] INFO  o.e.m.c.i.embedder.EclipseLogger - Using 'UTF-8' encoding to copy filtered resources.
2016-06-01 00:45:01,195 [Worker-3] INFO  o.e.m.c.i.embedder.EclipseLogger - skip non existing resourceDirectory D:\git_repo\WorkSpace_Eclipse\Find_MacBook\src\test\resources
2016-06-01 00:46:26,840 [Worker-23] INFO  o.e.m.c.i.embedder.EclipseLogger - Using 'UTF-8' encoding to copy filtered resources.
2016-06-01 00:46:26,841 [Worker-23] INFO  o.e.m.c.i.embedder.EclipseLogger - Copying 0 resource
2016-06-01 00:46:26,842 [Worker-23] INFO  o.e.m.c.i.embedder.EclipseLogger - Using 'UTF-8' encoding to copy filtered resources.
2016-06-01 00:46:26,842 [Worker-23] INFO  o.e.m.c.i.embedder.EclipseLogger - skip non existing resourceDirectory D:\git_repo\WorkSpace_Eclipse\Find_MacBook\src\test\resources
